C51 COMPILER V9.60.0.0   LED                                                               08/30/2021 09:51:38 PAGE 1   


C51 COMPILER V9.60.0.0, COMPILATION OF MODULE LED
OBJECT MODULE PLACED IN .\Objects\LED.obj
COMPILER INVOKED BY: F:\C51\BIN\C51.EXE LED.c OPTIMIZE(8,SPEED) BROWSE DEBUG OBJECTEXTEND PRINT(.\Listings\LED.lst) TABS
                    -(2) OBJECT(.\Objects\LED.obj)

line level    source

   1          #include<reg52.h>
   2          sbit LED = P2^0;
   3          
   4          void Delay()
   5          {
   6   1        int i;
   7   1        int j;
   8   1        for(i=0;i<10;i++)
   9   1        {
  10   2           for (j=0;j<10000;j++)
  11   2          {
  12   3          
  13   3          
  14   3          }
  15   2        
  16   2        }
  17   1      }
  18          
  19          void main()
  20          {
  21   1        while(1)
  22   1        {
  23   2          LED=0;
  24   2          Delay();
  25   2          LED=1;
  26   2          Delay();
  27   2        }
  28   1        
  29   1        
  30   1        
  31   1        
  32   1        
  33   1        
  34   1        
  35   1        
  36   1      }


MODULE INFORMATION:   STATIC OVERLAYABLE
   CODE SIZE        =     41    ----
   CONSTANT SIZE    =   ----    ----
   XDATA SIZE       =   ----    ----
   PDATA SIZE       =   ----    ----
   DATA SIZE        =   ----    ----
   IDATA SIZE       =   ----    ----
   BIT SIZE         =   ----    ----
END OF MODULE INFORMATION.


C51 COMPILATION COMPLETE.  0 WARNING(S),  0 ERROR(S)
